{
  "stats": {
    "suites": 1,
    "tests": 1,
    "passes": 1,
    "pending": 0,
    "failures": 0,
    "start": "2021-12-02T22:58:21.977Z",
    "end": "2021-12-02T22:58:22.258Z",
    "duration": 281,
    "testsRegistered": 1,
    "passPercent": 100,
    "pendingPercent": 0,
    "other": 0,
    "hasOther": false,
    "skipped": 0,
    "hasSkipped": false
  },
  "results": [
    {
      "uuid": "c4709d2a-fda6-45eb-a446-43004db3c432",
      "title": "",
      "fullFile": "",
      "file": "",
      "beforeHooks": [],
      "afterHooks": [],
      "tests": [],
      "suites": [
        {
          "uuid": "e3b7c681-1437-4270-b2c9-d4acee2b069f",
          "title": "General",
          "fullFile": "/home/runner/work/fileee-backup-downloader/fileee-backup-downloader/test/lib/index.js",
          "file": "/test/lib/index.js",
          "beforeHooks": [],
          "afterHooks": [],
          "tests": [
            {
              "title": "pupperteer should be able to start",
              "fullTitle": "General pupperteer should be able to start",
              "timedOut": false,
              "duration": 275,
              "state": "passed",
              "speed": "slow",
              "pass": true,
              "fail": false,
              "pending": false,
              "context": null,
              "code": "const browser = await puppeteer.launch();\nawait browser.newPage();\nawait browser.close();",
              "err": {},
              "uuid": "914a4f07-2d21-43eb-b7a5-e8db52a72e86",
              "parentUUID": "e3b7c681-1437-4270-b2c9-d4acee2b069f",
              "isHook": false,
              "skipped": false
            }
          ],
          "suites": [],
          "passes": [
            "914a4f07-2d21-43eb-b7a5-e8db52a72e86"
          ],
          "failures": [],
          "pending": [],
          "skipped": [],
          "duration": 275,
          "root": false,
          "rootEmpty": false,
          "_timeout": 60000
        }
      ],
      "passes": [],
      "failures": [],
      "pending": [],
      "skipped": [],
      "duration": 0,
      "root": true,
      "rootEmpty": true,
      "_timeout": 2000
    }
  ],
  "meta": {
    "mocha": {
      "version": "9.1.3"
    },
    "mochawesome": {
      "options": {
        "quiet": false,
        "reportFilename": "mochawesome",
        "saveHtml": true,
        "saveJson": true,
        "consoleReporter": "spec",
        "useInlineDiffs": false,
        "code": true
      },
      "version": "6.3.1"
    },
    "marge": {
      "options": null,
      "version": "5.2.0"
    }
  }
}