{
  "stats": {
    "suites": 1,
    "tests": 1,
    "passes": 1,
    "pending": 0,
    "failures": 0,
    "start": "2021-10-29T19:58:06.706Z",
    "end": "2021-10-29T19:58:07.385Z",
    "duration": 679,
    "testsRegistered": 1,
    "passPercent": 100,
    "pendingPercent": 0,
    "other": 0,
    "hasOther": false,
    "skipped": 0,
    "hasSkipped": false
  },
  "results": [
    {
      "uuid": "35257100-22ff-4c47-a809-185437825f77",
      "title": "",
      "fullFile": "",
      "file": "",
      "beforeHooks": [],
      "afterHooks": [],
      "tests": [],
      "suites": [
        {
          "uuid": "a650ecd4-efed-4aca-90f1-39cd32d88d82",
          "title": "General",
          "fullFile": "/home/runner/work/fileee-backup-downloader/fileee-backup-downloader/test/lib/index.js",
          "file": "/test/lib/index.js",
          "beforeHooks": [],
          "afterHooks": [],
          "tests": [
            {
              "title": "pupperteer should be able to start",
              "fullTitle": "General pupperteer should be able to start",
              "timedOut": false,
              "duration": 674,
              "state": "passed",
              "speed": "slow",
              "pass": true,
              "fail": false,
              "pending": false,
              "context": null,
              "code": "const browser = await puppeteer.launch();\nawait browser.newPage();\nawait browser.close();",
              "err": {},
              "uuid": "dc48256c-f37d-4a06-ad9f-862c460c536f",
              "parentUUID": "a650ecd4-efed-4aca-90f1-39cd32d88d82",
              "isHook": false,
              "skipped": false
            }
          ],
          "suites": [],
          "passes": [
            "dc48256c-f37d-4a06-ad9f-862c460c536f"
          ],
          "failures": [],
          "pending": [],
          "skipped": [],
          "duration": 674,
          "root": false,
          "rootEmpty": false,
          "_timeout": 60000
        }
      ],
      "passes": [],
      "failures": [],
      "pending": [],
      "skipped": [],
      "duration": 0,
      "root": true,
      "rootEmpty": true,
      "_timeout": 2000
    }
  ],
  "meta": {
    "mocha": {
      "version": "9.1.3"
    },
    "mochawesome": {
      "options": {
        "quiet": false,
        "reportFilename": "mochawesome",
        "saveHtml": true,
        "saveJson": true,
        "consoleReporter": "spec",
        "useInlineDiffs": false,
        "code": true
      },
      "version": "6.3.1"
    },
    "marge": {
      "options": null,
      "version": "5.2.0"
    }
  }
}